#
# There is insufficient memory for the Java Runtime Environment to continue.
# Native memory allocation (malloc) failed to allocate 866256 bytes for Chunk::new
# Possible reasons:
#   The system is out of physical RAM or swap space
#   The process is running with CompressedOops enabled, and the Java Heap may be blocking the growth of the native heap
# Possible solutions:
#   Reduce memory load on the system
#   Increase physical memory or swap space
#   Check if swap backing store is full
#   Decrease Java heap size (-Xmx/-Xms)
#   Decrease number of Java threads
#   Decrease Java thread stack sizes (-Xss)
#   Set larger code cache with -XX:ReservedCodeCacheSize=
#   JVM is running with Unscaled Compressed Oops mode in which the Java heap is
#     placed in the first 4GB address space. The Java Heap base address is the
#     maximum limit for the native heap growth. Please use -XX:HeapBaseMinAddress
#     to set the Java Heap base and to place the Java Heap above 4GB virtual address.
# This output file may be truncated or incomplete.
#
#  Out of Memory Error (./src/hotspot/share/memory/arena.cpp:197), pid=21688, tid=17400
#
# JRE version: OpenJDK Runtime Environment Temurin-11.0.14.1+1 (11.0.14.1+1) (build 11.0.14.1+1)
# Java VM: OpenJDK 64-Bit Server VM Temurin-11.0.14.1+1 (11.0.14.1+1, mixed mode, tiered, compressed oops, g1 gc, windows-amd64)
# No core dump will be written. Minidumps are not enabled by default on client versions of Windows
#

---------------  S U M M A R Y ------------

Command Line: -Dfile.encoding=UTF-8 -Dcom.android.sdklib.toolsdir=C:\Program Files\Unity\Hub\Editor\2022.3.3f1\Editor\Data\PlaybackEngines\AndroidPlayer\SDK\cmdline-tools\6.0\bin\\.. com.android.sdklib.tool.sdkmanager.SdkManagerCli --list

Host: AMD Ryzen 5 7520U with Radeon Graphics         , 8 cores, 7G,  Windows 11 , 64 bit Build 22621 (10.0.22621.2506)
Time: Fri Mar 15 07:49:58 2024 Malay Peninsula Standard Time elapsed time: 3.850358 seconds (0d 0h 0m 3s)

---------------  T H R E A D  ---------------

Current thread (0x00000297da340000):  JavaThread "C2 CompilerThread0" daemon [_thread_in_native, id=17400, stack(0x000000ba53600000,0x000000ba53700000)]


Current CompileTask:
C2:   3850 2997       4       java.util.regex.Matcher::replaceAll (59 bytes)

Stack: [0x000000ba53600000,0x000000ba53700000]
Native frames: (J=compiled Java code, j=interpreted, Vv=VM code, C=native code)
V  [jvm.dll+0x61e59a]
V  [jvm.dll+0x7aaca9]
V  [jvm.dll+0x7ac398]
V  [jvm.dll+0x7aca73]
V  [jvm.dll+0x24f9b8]
V  [jvm.dll+0xc260c]
V  [jvm.dll+0xc2bcc]
V  [jvm.dll+0x3599c2]
V  [jvm.dll+0x325b93]
V  [jvm.dll+0x324eca]
V  [jvm.dll+0x208c05]
V  [jvm.dll+0x207ded]
V  [jvm.dll+0x18a2c1]
V  [jvm.dll+0x217734]
V  [jvm.dll+0x21597b]
V  [jvm.dll+0x76d7c0]
V  [jvm.dll+0x766724]
V  [jvm.dll+0x61d3f6]
C  [ucrtbase.dll+0x29363]
C  [KERNEL32.DLL+0x1257d]
C  [ntdll.dll+0x5aa58]


---------------  P R O C E S S  ---------------

Threads class SMR info:
_java_thread_list=0x00000297db604380, length=11, elements={
0x00000297b8f9e000, 0x00000297da2dd000, 0x00000297da2e0000, 0x00000297da339800,
0x00000297da33a800, 0x00000297da33c800, 0x00000297da340000, 0x00000297da341800,
0x00000297da342800, 0x00000297da4c4000, 0x00000297db61d000
}

Java Threads: ( => current thread )
  0x00000297b8f9e000 JavaThread "main" [_thread_in_Java, id=45260, stack(0x000000ba52a00000,0x000000ba52b00000)]
  0x00000297da2dd000 JavaThread "Reference Handler" daemon [_thread_blocked, id=17700, stack(0x000000ba53100000,0x000000ba53200000)]
  0x00000297da2e0000 JavaThread "Finalizer" daemon [_thread_blocked, id=27916, stack(0x000000ba53200000,0x000000ba53300000)]
  0x00000297da339800 JavaThread "Signal Dispatcher" daemon [_thread_blocked, id=50792, stack(0x000000ba53300000,0x000000ba53400000)]
  0x00000297da33a800 JavaThread "Attach Listener" daemon [_thread_blocked, id=1192, stack(0x000000ba53400000,0x000000ba53500000)]
  0x00000297da33c800 JavaThread "Service Thread" daemon [_thread_blocked, id=45308, stack(0x000000ba53500000,0x000000ba53600000)]
=>0x00000297da340000 JavaThread "C2 CompilerThread0" daemon [_thread_in_native, id=17400, stack(0x000000ba53600000,0x000000ba53700000)]
  0x00000297da341800 JavaThread "C1 CompilerThread0" daemon [_thread_blocked, id=2276, stack(0x000000ba53700000,0x000000ba53800000)]
  0x00000297da342800 JavaThread "Sweeper thread" daemon [_thread_blocked, id=8544, stack(0x000000ba53800000,0x000000ba53900000)]
  0x00000297da4c4000 JavaThread "Common-Cleaner" daemon [_thread_blocked, id=30612, stack(0x000000ba53a00000,0x000000ba53b00000)]
  0x00000297db61d000 JavaThread "Keep-Alive-Timer" daemon [_thread_blocked, id=56356, stack(0x000000ba53d00000,0x000000ba53e00000)]

Other Threads:
  0x00000297da2b9000 VMThread "VM Thread" [stack: 0x000000ba53000000,0x000000ba53100000] [id=25992]
  0x00000297da4b5000 WatcherThread [stack: 0x000000ba53900000,0x000000ba53a00000] [id=46664]
  0x00000297bb125800 GCTaskThread "GC Thread#0" [stack: 0x000000ba52b00000,0x000000ba52c00000] [id=54052]
  0x00000297daf4b800 GCTaskThread "GC Thread#1" [stack: 0x000000ba53c00000,0x000000ba53d00000] [id=35024]
  0x00000297db9c7800 GCTaskThread "GC Thread#2" [stack: 0x000000ba53e00000,0x000000ba53f00000] [id=36408]
  0x00000297db9c8800 GCTaskThread "GC Thread#3" [stack: 0x000000ba55100000,0x000000ba55200000] [id=48512]
  0x00000297db75b800 GCTaskThread "GC Thread#4" [stack: 0x000000ba55200000,0x000000ba55300000] [id=9716]
  0x00000297db75c800 GCTaskThread "GC Thread#5" [stack: 0x000000ba55300000,0x000000ba55400000] [id=34976]
  0x00000297db75d800 GCTaskThread "GC Thread#6" [stack: 0x000000ba55400000,0x000000ba55500000] [id=47028]
  0x00000297db9ea800 GCTaskThread "GC Thread#7" [stack: 0x000000ba55500000,0x000000ba55600000] [id=45992]
  0x00000297bb153800 ConcurrentGCThread "G1 Main Marker" [stack: 0x000000ba52c00000,0x000000ba52d00000] [id=3092]
  0x00000297bb156000 ConcurrentGCThread "G1 Conc#0" [stack: 0x000000ba52d00000,0x000000ba52e00000] [id=59800]
  0x00000297daf79000 ConcurrentGCThread "G1 Conc#1" [stack: 0x000000ba53b00000,0x000000ba53c00000] [id=46620]
  0x00000297d95ee800 ConcurrentGCThread "G1 Refine#0" [stack: 0x000000ba52e00000,0x000000ba52f00000] [id=60848]
  0x00000297d95ef800 ConcurrentGCThread "G1 Young RemSet Sampling" [stack: 0x000000ba52f00000,0x000000ba53000000] [id=46992]

Threads with active compile tasks:
C2 CompilerThread0   3900 2997       4       java.util.regex.Matcher::replaceAll (59 bytes)

VM state:not at safepoint (normal execution)

VM Mutex/Monitor currently owned by a thread: None

Heap address: 0x000000008c200000, size: 1854 MB, Compressed Oops mode: 32-bit
Narrow klass base: 0x0000000000000000, Narrow klass shift: 3
Compressed class space size: 1073741824 Address: 0x0000000100000000

Heap:
 garbage-first heap   total 118784K, used 45214K [0x000000008c200000, 0x0000000100000000)
  region size 1024K, 39 young (39936K), 6 survivors (6144K)
 Metaspace       used 25232K, capacity 25704K, committed 26032K, reserved 1073152K
  class space    used 2549K, capacity 2696K, committed 2816K, reserved 1048576K
Heap Regions: E=young(eden), S=young(survivor), O=old, HS=humongous(starts), HC=humongous(continues), CS=collection set, F=free, A=archive, TAMS=top-at-mark-start (previous, next)
|   0|0x000000008c200000, 0x000000008c300000, 0x000000008c300000|100%| O|  |TAMS 0x000000008c200000, 0x000000008c200000| Untracked 
|   1|0x000000008c300000, 0x000000008c400000, 0x000000008c400000|100%| O|  |TAMS 0x000000008c400000, 0x000000008c300000| Untracked 
|   2|0x000000008c400000, 0x000000008c500000, 0x000000008c500000|100%| O|  |TAMS 0x000000008c44ce00, 0x000000008c400000| Untracked 
|   3|0x000000008c500000, 0x000000008c600000, 0x000000008c600000|100%| O|  |TAMS 0x000000008c500000, 0x000000008c500000| Untracked 
|   4|0x000000008c600000, 0x000000008c700000, 0x000000008c700000|100%| O|  |TAMS 0x000000008c600000, 0x000000008c600000| Untracked 
|   5|0x000000008c700000, 0x000000008c800000, 0x000000008c800000|100%| O|  |TAMS 0x000000008c700000, 0x000000008c700000| Untracked 
|   6|0x000000008c800000, 0x000000008c827800, 0x000000008c900000| 15%| O|  |TAMS 0x000000008c800000, 0x000000008c800000| Untracked 
|   7|0x000000008c900000, 0x000000008c900000, 0x000000008ca00000|  0%| F|  |TAMS 0x000000008c900000, 0x000000008c900000| Untracked 
|   8|0x000000008ca00000, 0x000000008ca00000, 0x000000008cb00000|  0%| F|  |TAMS 0x000000008ca00000, 0x000000008ca00000| Untracked 
|   9|0x000000008cb00000, 0x000000008cb00000, 0x000000008cc00000|  0%| F|  |TAMS 0x000000008cb00000, 0x000000008cb00000| Untracked 
|  10|0x000000008cc00000, 0x000000008cc00000, 0x000000008cd00000|  0%| F|  |TAMS 0x000000008cc00000, 0x000000008cc00000| Untracked 
|  11|0x000000008cd00000, 0x000000008cd00000, 0x000000008ce00000|  0%| F|  |TAMS 0x000000008cd00000, 0x000000008cd00000| Untracked 
|  12|0x000000008ce00000, 0x000000008ce00000, 0x000000008cf00000|  0%| F|  |TAMS 0x000000008ce00000, 0x000000008ce00000| Untracked 
|  13|0x000000008cf00000, 0x000000008cf00000, 0x000000008d000000|  0%| F|  |TAMS 0x000000008cf00000, 0x000000008cf00000| Untracked 
|  14|0x000000008d000000, 0x000000008d000000, 0x000000008d100000|  0%| F|  |TAMS 0x000000008d000000, 0x000000008d000000| Untracked 
|  15|0x000000008d100000, 0x000000008d100000, 0x000000008d200000|  0%| F|  |TAMS 0x000000008d100000, 0x000000008d100000| Untracked 
|  16|0x000000008d200000, 0x000000008d200000, 0x000000008d300000|  0%| F|  |TAMS 0x000000008d200000, 0x000000008d200000| Untracked 
|  17|0x000000008d300000, 0x000000008d300000, 0x000000008d400000|  0%| F|  |TAMS 0x000000008d300000, 0x000000008d300000| Untracked 
|  18|0x000000008d400000, 0x000000008d400000, 0x000000008d500000|  0%| F|  |TAMS 0x000000008d400000, 0x000000008d400000| Untracked 
|  19|0x000000008d500000, 0x000000008d500000, 0x000000008d600000|  0%| F|  |TAMS 0x000000008d500000, 0x000000008d500000| Untracked 
|  20|0x000000008d600000, 0x000000008d600000, 0x000000008d700000|  0%| F|  |TAMS 0x000000008d600000, 0x000000008d600000| Untracked 
|  21|0x000000008d700000, 0x000000008d700000, 0x000000008d800000|  0%| F|  |TAMS 0x000000008d700000, 0x000000008d700000| Untracked 
|  22|0x000000008d800000, 0x000000008d800000, 0x000000008d900000|  0%| F|  |TAMS 0x000000008d800000, 0x000000008d800000| Untracked 
|  23|0x000000008d900000, 0x000000008d900000, 0x000000008da00000|  0%| F|  |TAMS 0x000000008d900000, 0x000000008d900000| Untracked 
|  24|0x000000008da00000, 0x000000008da00000, 0x000000008db00000|  0%| F|  |TAMS 0x000000008da00000, 0x000000008da00000| Untracked 
|  25|0x000000008db00000, 0x000000008db00000, 0x000000008dc00000|  0%| F|  |TAMS 0x000000008db00000, 0x000000008db00000| Untracked 
|  26|0x000000008dc00000, 0x000000008dc00000, 0x000000008dd00000|  0%| F|  |TAMS 0x000000008dc00000, 0x000000008dc00000| Untracked 
|  27|0x000000008dd00000, 0x000000008dd00000, 0x000000008de00000|  0%| F|  |TAMS 0x000000008dd00000, 0x000000008dd00000| Untracked 
|  28|0x000000008de00000, 0x000000008de00000, 0x000000008df00000|  0%| F|  |TAMS 0x000000008de00000, 0x000000008de00000| Untracked 
|  29|0x000000008df00000, 0x000000008df00000, 0x000000008e000000|  0%| F|  |TAMS 0x000000008df00000, 0x000000008df00000| Untracked 
|  30|0x000000008e000000, 0x000000008e000000, 0x000000008e100000|  0%| F|  |TAMS 0x000000008e000000, 0x000000008e000000| Untracked 
|  31|0x000000008e100000, 0x000000008e100000, 0x000000008e200000|  0%| F|  |TAMS 0x000000008e100000, 0x000000008e100000| Untracked 
|  32|0x000000008e200000, 0x000000008e200000, 0x000000008e300000|  0%| F|  |TAMS 0x000000008e200000, 0x000000008e200000| Untracked 
|  33|0x000000008e300000, 0x000000008e300000, 0x000000008e400000|  0%| F|  |TAMS 0x000000008e300000, 0x000000008e300000| Untracked 
|  34|0x000000008e400000, 0x000000008e400000, 0x000000008e500000|  0%| F|  |TAMS 0x000000008e400000, 0x000000008e400000| Untracked 
|  35|0x000000008e500000, 0x000000008e500000, 0x000000008e600000|  0%| F|  |TAMS 0x000000008e500000, 0x000000008e500000| Untracked 
|  36|0x000000008e600000, 0x000000008e600000, 0x000000008e700000|  0%| F|  |TAMS 0x000000008e600000, 0x000000008e600000| Untracked 
|  37|0x000000008e700000, 0x000000008e700000, 0x000000008e800000|  0%| F|  |TAMS 0x000000008e700000, 0x000000008e700000| Untracked 
|  38|0x000000008e800000, 0x000000008e800000, 0x000000008e900000|  0%| F|  |TAMS 0x000000008e800000, 0x000000008e800000| Untracked 
|  39|0x000000008e900000, 0x000000008e900000, 0x000000008ea00000|  0%| F|  |TAMS 0x000000008e900000, 0x000000008e900000| Untracked 
|  40|0x000000008ea00000, 0x000000008ea00000, 0x000000008eb00000|  0%| F|  |TAMS 0x000000008ea00000, 0x000000008ea00000| Untracked 
|  41|0x000000008eb00000, 0x000000008eb00000, 0x000000008ec00000|  0%| F|  |TAMS 0x000000008eb00000, 0x000000008eb00000| Untracked 
|  42|0x000000008ec00000, 0x000000008ec00000, 0x000000008ed00000|  0%| F|  |TAMS 0x000000008ec00000, 0x000000008ec00000| Untracked 
|  43|0x000000008ed00000, 0x000000008ed00000, 0x000000008ee00000|  0%| F|  |TAMS 0x000000008ed00000, 0x000000008ed00000| Untracked 
|  44|0x000000008ee00000, 0x000000008ee00000, 0x000000008ef00000|  0%| F|  |TAMS 0x000000008ee00000, 0x000000008ee00000| Untracked 
|  45|0x000000008ef00000, 0x000000008ef00000, 0x000000008f000000|  0%| F|  |TAMS 0x000000008ef00000, 0x000000008ef00000| Untracked 
|  46|0x000000008f000000, 0x000000008f000000, 0x000000008f100000|  0%| F|  |TAMS 0x000000008f000000, 0x000000008f000000| Untracked 
|  47|0x000000008f100000, 0x000000008f100000, 0x000000008f200000|  0%| F|  |TAMS 0x000000008f100000, 0x000000008f100000| Untracked 
|  48|0x000000008f200000, 0x000000008f200000, 0x000000008f300000|  0%| F|  |TAMS 0x000000008f200000, 0x000000008f200000| Untracked 
|  49|0x000000008f300000, 0x000000008f300000, 0x000000008f400000|  0%| F|  |TAMS 0x000000008f300000, 0x000000008f300000| Untracked 
|  50|0x000000008f400000, 0x000000008f400000, 0x000000008f500000|  0%| F|  |TAMS 0x000000008f400000, 0x000000008f400000| Untracked 
|  51|0x000000008f500000, 0x000000008f500000, 0x000000008f600000|  0%| F|  |TAMS 0x000000008f500000, 0x000000008f500000| Untracked 
|  52|0x000000008f600000, 0x000000008f600000, 0x000000008f700000|  0%| F|  |TAMS 0x000000008f600000, 0x000000008f600000| Untracked 
|  53|0x000000008f700000, 0x000000008f700000, 0x000000008f800000|  0%| F|  |TAMS 0x000000008f700000, 0x000000008f700000| Untracked 
|  54|0x000000008f800000, 0x000000008f800000, 0x000000008f900000|  0%| F|  |TAMS 0x000000008f800000, 0x000000008f800000| Untracked 
|  55|0x000000008f900000, 0x000000008f900000, 0x000000008fa00000|  0%| F|  |TAMS 0x000000008f900000, 0x000000008f900000| Untracked 
|  56|0x000000008fa00000, 0x000000008fa00000, 0x000000008fb00000|  0%| F|  |TAMS 0x000000008fa00000, 0x000000008fa00000| Untracked 
|  57|0x000000008fb00000, 0x000000008fb00000, 0x000000008fc00000|  0%| F|  |TAMS 0x000000008fb00000, 0x000000008fb00000| Untracked 
|  58|0x000000008fc00000, 0x000000008fc00000, 0x000000008fd00000|  0%| F|  |TAMS 0x000000008fc00000, 0x000000008fc00000| Untracked 
|  59|0x000000008fd00000, 0x000000008fd00000, 0x000000008fe00000|  0%| F|  |TAMS 0x000000008fd00000, 0x000000008fd00000| Untracked 
|  60|0x000000008fe00000, 0x000000008fe00000, 0x000000008ff00000|  0%| F|  |TAMS 0x000000008fe00000, 0x000000008fe00000| Untracked 
|  61|0x000000008ff00000, 0x000000008ff00000, 0x0000000090000000|  0%| F|  |TAMS 0x000000008ff00000, 0x000000008ff00000| Untracked 
|  62|0x0000000090000000, 0x0000000090000000, 0x0000000090100000|  0%| F|  |TAMS 0x0000000090000000, 0x0000000090000000| Untracked 
|  63|0x0000000090100000, 0x0000000090100000, 0x0000000090200000|  0%| F|  |TAMS 0x0000000090100000, 0x0000000090100000| Untracked 
|  64|0x0000000090200000, 0x0000000090300000, 0x0000000090300000|100%| S|CS|TAMS 0x0000000090200000, 0x0000000090200000| Complete 
|  65|0x0000000090300000, 0x0000000090400000, 0x0000000090400000|100%| S|CS|TAMS 0x0000000090300000, 0x0000000090300000| Complete 
|  66|0x0000000090400000, 0x0000000090500000, 0x0000000090500000|100%| S|CS|TAMS 0x0000000090400000, 0x0000000090400000| Complete 
|  67|0x0000000090500000, 0x0000000090600000, 0x0000000090600000|100%| S|CS|TAMS 0x0000000090500000, 0x0000000090500000| Complete 
|  68|0x0000000090600000, 0x0000000090700000, 0x0000000090700000|100%| S|CS|TAMS 0x0000000090600000, 0x0000000090600000| Complete 
|  69|0x0000000090700000, 0x0000000090800000, 0x0000000090800000|100%| S|CS|TAMS 0x0000000090700000, 0x0000000090700000| Complete 
|  70|0x0000000090800000, 0x0000000090800000, 0x0000000090900000|  0%| F|  |TAMS 0x0000000090800000, 0x0000000090800000| Untracked 
|  71|0x0000000090900000, 0x0000000090900000, 0x0000000090a00000|  0%| F|  |TAMS 0x0000000090900000, 0x0000000090900000| Untracked 
|  72|0x0000000090a00000, 0x0000000090a00000, 0x0000000090b00000|  0%| F|  |TAMS 0x0000000090a00000, 0x0000000090a00000| Untracked 
|  73|0x0000000090b00000, 0x0000000090b00000, 0x0000000090c00000|  0%| F|  |TAMS 0x0000000090b00000, 0x0000000090b00000| Untracked 
|  74|0x0000000090c00000, 0x0000000090c00000, 0x0000000090d00000|  0%| F|  |TAMS 0x0000000090c00000, 0x0000000090c00000| Untracked 
|  75|0x0000000090d00000, 0x0000000090d00000, 0x0000000090e00000|  0%| F|  |TAMS 0x0000000090d00000, 0x0000000090d00000| Untracked 
|  76|0x0000000090e00000, 0x0000000090e00000, 0x0000000090f00000|  0%| F|  |TAMS 0x0000000090e00000, 0x0000000090e00000| Untracked 
|  77|0x0000000090f00000, 0x0000000090f00000, 0x0000000091000000|  0%| F|  |TAMS 0x0000000090f00000, 0x0000000090f00000| Untracked 
|  78|0x0000000091000000, 0x0000000091000000, 0x0000000091100000|  0%| F|  |TAMS 0x0000000091000000, 0x0000000091000000| Untracked 
|  79|0x0000000091100000, 0x0000000091100000, 0x0000000091200000|  0%| F|  |TAMS 0x0000000091100000, 0x0000000091100000| Untracked 
|  80|0x0000000091200000, 0x0000000091200000, 0x0000000091300000|  0%| F|  |TAMS 0x0000000091200000, 0x0000000091200000| Untracked 
|  81|0x0000000091300000, 0x0000000091300000, 0x0000000091400000|  0%| F|  |TAMS 0x0000000091300000, 0x0000000091300000| Untracked 
|  82|0x0000000091400000, 0x0000000091500000, 0x0000000091500000|100%| E|  |TAMS 0x0000000091400000, 0x0000000091400000| Complete 
|  83|0x0000000091500000, 0x0000000091600000, 0x0000000091600000|100%| E|CS|TAMS 0x0000000091500000, 0x0000000091500000| Complete 
|  84|0x0000000091600000, 0x0000000091700000, 0x0000000091700000|100%| E|CS|TAMS 0x0000000091600000, 0x0000000091600000| Complete 
|  85|0x0000000091700000, 0x0000000091800000, 0x0000000091800000|100%| E|CS|TAMS 0x0000000091700000, 0x0000000091700000| Complete 
|  86|0x0000000091800000, 0x0000000091900000, 0x0000000091900000|100%| E|CS|TAMS 0x0000000091800000, 0x0000000091800000| Complete 
|  87|0x0000000091900000, 0x0000000091a00000, 0x0000000091a00000|100%| E|CS|TAMS 0x0000000091900000, 0x0000000091900000| Complete 
|  88|0x0000000091a00000, 0x0000000091b00000, 0x0000000091b00000|100%| E|CS|TAMS 0x0000000091a00000, 0x0000000091a00000| Complete 
|  89|0x0000000091b00000, 0x0000000091c00000, 0x0000000091c00000|100%| E|CS|TAMS 0x0000000091b00000, 0x0000000091b00000| Complete 
|  90|0x0000000091c00000, 0x0000000091d00000, 0x0000000091d00000|100%| E|CS|TAMS 0x0000000091c00000, 0x0000000091c00000| Complete 
|  91|0x0000000091d00000, 0x0000000091e00000, 0x0000000091e00000|100%| E|CS|TAMS 0x0000000091d00000, 0x0000000091d00000| Complete 
|  92|0x0000000091e00000, 0x0000000091f00000, 0x0000000091f00000|100%| E|CS|TAMS 0x0000000091e00000, 0x0000000091e00000| Complete 
|  93|0x0000000091f00000, 0x0000000092000000, 0x0000000092000000|100%| E|CS|TAMS 0x0000000091f00000, 0x0000000091f00000| Complete 
|  94|0x0000000092000000, 0x0000000092100000, 0x0000000092100000|100%| E|CS|TAMS 0x0000000092000000, 0x0000000092000000| Complete 
|  95|0x0000000092100000, 0x0000000092200000, 0x0000000092200000|100%| E|CS|TAMS 0x0000000092100000, 0x0000000092100000| Complete 
|  96|0x0000000092200000, 0x0000000092300000, 0x0000000092300000|100%| E|CS|TAMS 0x0000000092200000, 0x0000000092200000| Complete 
|  97|0x0000000092300000, 0x0000000092400000, 0x0000000092400000|100%| E|CS|TAMS 0x0000000092300000, 0x0000000092300000| Complete 
|  98|0x0000000092400000, 0x0000000092500000, 0x0000000092500000|100%| E|CS|TAMS 0x0000000092400000, 0x0000000092400000| Complete 
|  99|0x0000000092500000, 0x0000000092600000, 0x0000000092600000|100%| E|CS|TAMS 0x0000000092500000, 0x0000000092500000| Complete 
| 100|0x0000000092600000, 0x0000000092700000, 0x0000000092700000|100%| E|CS|TAMS 0x0000000092600000, 0x0000000092600000| Complete 
| 101|0x0000000092700000, 0x0000000092800000, 0x0000000092800000|100%| E|CS|TAMS 0x0000000092700000, 0x0000000092700000| Complete 
| 102|0x0000000092800000, 0x0000000092900000, 0x0000000092900000|100%| E|CS|TAMS 0x0000000092800000, 0x0000000092800000| Complete 
| 103|0x0000000092900000, 0x0000000092a00000, 0x0000000092a00000|100%| E|CS|TAMS 0x0000000092900000, 0x0000000092900000| Complete 
| 104|0x0000000092a00000, 0x0000000092b00000, 0x0000000092b00000|100%| E|CS|TAMS 0x0000000092a00000, 0x0000000092a00000| Complete 
| 105|0x0000000092b00000, 0x0000000092c00000, 0x0000000092c00000|100%| E|CS|TAMS 0x0000000092b00000, 0x0000000092b00000| Complete 
| 106|0x0000000092c00000, 0x0000000092d00000, 0x0000000092d00000|100%| E|CS|TAMS 0x0000000092c00000, 0x0000000092c00000| Complete 
| 107|0x0000000092d00000, 0x0000000092e00000, 0x0000000092e00000|100%| E|CS|TAMS 0x0000000092d00000, 0x0000000092d00000| Complete 
| 108|0x0000000092e00000, 0x0000000092f00000, 0x0000000092f00000|100%| E|CS|TAMS 0x0000000092e00000, 0x0000000092e00000| Complete 
| 109|0x0000000092f00000, 0x0000000093000000, 0x0000000093000000|100%| E|CS|TAMS 0x0000000092f00000, 0x0000000092f00000| Complete 
| 110|0x0000000093000000, 0x0000000093100000, 0x0000000093100000|100%| E|CS|TAMS 0x0000000093000000, 0x0000000093000000| Complete 
| 111|0x0000000093100000, 0x0000000093200000, 0x0000000093200000|100%| E|CS|TAMS 0x0000000093100000, 0x0000000093100000| Complete 
| 112|0x0000000093200000, 0x0000000093300000, 0x0000000093300000|100%| E|CS|TAMS 0x0000000093200000, 0x0000000093200000| Complete 
| 113|0x0000000093300000, 0x0000000093400000, 0x0000000093400000|100%| E|CS|TAMS 0x0000000093300000, 0x0000000093300000| Complete 
| 114|0x0000000093400000, 0x0000000093500000, 0x0000000093500000|100%| E|CS|TAMS 0x0000000093400000, 0x0000000093400000| Complete 
| 115|0x0000000093500000, 0x0000000093600000, 0x0000000093600000|100%| E|CS|TAMS 0x0000000093500000, 0x0000000093500000| Complete 

Card table byte_map: [0x00000297d2ee0000,0x00000297d3280000] _byte_map_base: 0x00000297d2a7f000

Marking Bits (Prev, Next): (CMBitMap*) 0x00000297bb14b820, (CMBitMap*) 0x00000297bb14b7e8
 Prev Bits: [0x00000297d5320000, 0x00000297d7018000)
 Next Bits: [0x00000297d3620000, 0x00000297d5318000)

Polling page: 0x00000297ba8b0000

Metaspace:

Usage:
  Non-class:     22.47 MB capacity,    22.15 MB ( 99%) used,   279.28 KB (  1%) free+waste,    46.19 KB ( <1%) overhead. 
      Class:      2.63 MB capacity,     2.49 MB ( 95%) used,   126.21 KB (  5%) free+waste,    19.81 KB ( <1%) overhead. 
       Both:     25.10 MB capacity,    24.64 MB ( 98%) used,   405.49 KB (  2%) free+waste,    66.00 KB ( <1%) overhead. 

Virtual space:
  Non-class space:       24.00 MB reserved,      22.67 MB ( 94%) committed 
      Class space:        1.00 GB reserved,       2.75 MB ( <1%) committed 
             Both:        1.02 GB reserved,      25.42 MB (  2%) committed 

Chunk freelists:
   Non-Class:  16.00 KB
       Class:  0 bytes
        Both:  16.00 KB

MaxMetaspaceSize: 17179869184.00 GB
CompressedClassSpaceSize: 1.00 GB
Initial GC threshold: 20.80 MB
Current GC threshold: 35.08 MB
CDS: off

CodeHeap 'non-profiled nmethods': size=120000Kb used=1021Kb max_used=1021Kb free=118978Kb
 bounds [0x00000297cb2e0000, 0x00000297cb550000, 0x00000297d2810000]
CodeHeap 'profiled nmethods': size=120000Kb used=6296Kb max_used=6296Kb free=113703Kb
 bounds [0x00000297c3db0000, 0x00000297c43e0000, 0x00000297cb2e0000]
CodeHeap 'non-nmethods': size=5760Kb used=1204Kb max_used=1229Kb free=4555Kb
 bounds [0x00000297c3810000, 0x00000297c3a80000, 0x00000297c3db0000]
 total_blobs=3530 nmethods=3055 adapters=387
 compilation: enabled
              stopped_count=0, restarted_count=0
 full_count=0

Compilation events (20 events):
Event: 3.835 Thread 0x00000297da341800 nmethod 3056 0x00000297c43be810 code [0x00000297c43be9c0, 0x00000297c43bec98]
Event: 3.835 Thread 0x00000297da341800 3057       2       java.lang.reflect.Field::copy (76 bytes)
Event: 3.836 Thread 0x00000297da341800 nmethod 3057 0x00000297c43bed10 code [0x00000297c43beee0, 0x00000297c43bf258]
Event: 3.836 Thread 0x00000297da341800 3053       2       java.lang.NoSuchMethodException::<init> (6 bytes)
Event: 3.836 Thread 0x00000297da341800 nmethod 3053 0x00000297c43bf390 code [0x00000297c43bf540, 0x00000297c43bf648]
Event: 3.836 Thread 0x00000297da341800 3058       1       sun.reflect.generics.reflectiveObjects.TypeVariableImpl::getName (5 bytes)
Event: 3.836 Thread 0x00000297da341800 nmethod 3058 0x00000297cb3ddd90 code [0x00000297cb3ddf40, 0x00000297cb3ddff8]
Event: 3.836 Thread 0x00000297da341800 3059       1       com.sun.xml.bind.v2.model.nav.ParameterizedTypeImpl::getRawType (5 bytes)
Event: 3.836 Thread 0x00000297da341800 nmethod 3059 0x00000297cb3de090 code [0x00000297cb3de240, 0x00000297cb3de2f8]
Event: 3.838 Thread 0x00000297da341800 3060       1       jdk.internal.reflect.ClassFileAssembler::setMaxLocals (6 bytes)
Event: 3.838 Thread 0x00000297da341800 nmethod 3060 0x00000297cb3de390 code [0x00000297cb3de540, 0x00000297cb3de5f8]
Event: 3.838 Thread 0x00000297da341800 3062       2       jdk.internal.reflect.ClassFileAssembler::opc_invokespecial (26 bytes)
Event: 3.838 Thread 0x00000297da341800 nmethod 3062 0x00000297c43bf710 code [0x00000297c43bf8e0, 0x00000297c43bfb68]
Event: 3.838 Thread 0x00000297da341800 3061       2       jdk.internal.reflect.ClassFileAssembler::opc_new (16 bytes)
Event: 3.839 Thread 0x00000297da341800 nmethod 3061 0x00000297c43bfd90 code [0x00000297c43bff60, 0x00000297c43c01c8]
Event: 3.844 Thread 0x00000297da341800 3064       2       java.lang.Class::enumConstantDirectory (119 bytes)
Event: 3.845 Thread 0x00000297da341800 nmethod 3064 0x00000297c43c0390 code [0x00000297c43c0620, 0x00000297c43c0d28]
Event: 3.845 Thread 0x00000297da341800 3063       2       java.lang.Enum::valueOf (73 bytes)
Event: 3.846 Thread 0x00000297da341800 nmethod 3063 0x00000297c43c1110 code [0x00000297c43c1380, 0x00000297c43c1938]
Event: 3.846 Thread 0x00000297da341800 3065       2       java.lang.Class::methodToString (98 bytes)

GC Heap History (8 events):
Event: 1.423 GC heap before
{Heap before GC invocations=0 (full 0):
 garbage-first heap   total 118784K, used 24576K [0x000000008c200000, 0x0000000100000000)
  region size 1024K, 24 young (24576K), 0 survivors (0K)
 Metaspace       used 16406K, capacity 16720K, committed 16768K, reserved 1064960K
  class space    used 1546K, capacity 1659K, committed 1664K, reserved 1048576K
}
Event: 1.433 GC heap after
{Heap after GC invocations=1 (full 0):
 garbage-first heap   total 118784K, used 4403K [0x000000008c200000, 0x0000000100000000)
  region size 1024K, 3 young (3072K), 3 survivors (3072K)
 Metaspace       used 16406K, capacity 16720K, committed 16768K, reserved 1064960K
  class space    used 1546K, capacity 1659K, committed 1664K, reserved 1048576K
}
Event: 2.202 GC heap before
{Heap before GC invocations=1 (full 0):
 garbage-first heap   total 118784K, used 13619K [0x000000008c200000, 0x0000000100000000)
  region size 1024K, 13 young (13312K), 3 survivors (3072K)
 Metaspace       used 20913K, capacity 21220K, committed 21296K, reserved 1069056K
  class space    used 2048K, capacity 2172K, committed 2176K, reserved 1048576K
}
Event: 2.209 GC heap after
{Heap after GC invocations=2 (full 0):
 garbage-first heap   total 118784K, used 6451K [0x000000008c200000, 0x0000000100000000)
  region size 1024K, 5 young (5120K), 5 survivors (5120K)
 Metaspace       used 20913K, capacity 21220K, committed 21296K, reserved 1069056K
  class space    used 2048K, capacity 2172K, committed 2176K, reserved 1048576K
}
Event: 2.800 GC heap before
{Heap before GC invocations=3 (full 0):
 garbage-first heap   total 118784K, used 25907K [0x000000008c200000, 0x0000000100000000)
  region size 1024K, 25 young (25600K), 5 survivors (5120K)
 Metaspace       used 24010K, capacity 24404K, committed 24624K, reserved 1071104K
  class space    used 2477K, capacity 2613K, committed 2688K, reserved 1048576K
}
Event: 2.816 GC heap after
{Heap after GC invocations=4 (full 0):
 garbage-first heap   total 118784K, used 9134K [0x000000008c200000, 0x0000000100000000)
  region size 1024K, 4 young (4096K), 4 survivors (4096K)
 Metaspace       used 24010K, capacity 24404K, committed 24624K, reserved 1071104K
  class space    used 2477K, capacity 2613K, committed 2688K, reserved 1048576K
}
Event: 3.517 GC heap before
{Heap before GC invocations=4 (full 0):
 garbage-first heap   total 118784K, used 51118K [0x000000008c200000, 0x0000000100000000)
  region size 1024K, 46 young (47104K), 4 survivors (4096K)
 Metaspace       used 24926K, capacity 25337K, committed 25392K, reserved 1073152K
  class space    used 2532K, capacity 2651K, committed 2688K, reserved 1048576K
}
Event: 3.522 GC heap after
{Heap after GC invocations=5 (full 0):
 garbage-first heap   total 118784K, used 12446K [0x000000008c200000, 0x0000000100000000)
  region size 1024K, 6 young (6144K), 6 survivors (6144K)
 Metaspace       used 24926K, capacity 25337K, committed 25392K, reserved 1073152K
  class space    used 2532K, capacity 2651K, committed 2688K, reserved 1048576K
}

Deoptimization events (20 events):
Event: 3.478 Thread 0x00000297b8f9e000 DEOPT PACKING pc=0x00000297cb30a9c8 sp=0x000000ba52afddf0
Event: 3.478 Thread 0x00000297b8f9e000 DEOPT UNPACKING pc=0x00000297c385a1af sp=0x000000ba52afdd88 mode 2
Event: 3.530 Thread 0x00000297b8f9e000 Uncommon trap: trap_request=0xffffff4d fr.pc=0x00000297cb3c5a68 relative=0x0000000000000428
Event: 3.530 Thread 0x00000297b8f9e000 Uncommon trap: reason=unstable_if action=reinterpret pc=0x00000297cb3c5a68 method=com.sun.org.apache.xerces.internal.impl.XMLEntityScanner.scanContent(Lcom/sun/org/apache/xerces/internal/xni/XMLString;)I @ 44 c2
Event: 3.530 Thread 0x00000297b8f9e000 DEOPT PACKING pc=0x00000297cb3c5a68 sp=0x000000ba52afe450
Event: 3.530 Thread 0x00000297b8f9e000 DEOPT UNPACKING pc=0x00000297c385a1af sp=0x000000ba52afe408 mode 2
Event: 3.550 Thread 0x00000297b8f9e000 DEOPT PACKING pc=0x00000297c4363c73 sp=0x000000ba52afe440
Event: 3.550 Thread 0x00000297b8f9e000 DEOPT UNPACKING pc=0x00000297c385a95e sp=0x000000ba52afd900 mode 0
Event: 3.720 Thread 0x00000297b8f9e000 DEOPT PACKING pc=0x00000297c435f530 sp=0x000000ba52afe320
Event: 3.720 Thread 0x00000297b8f9e000 DEOPT UNPACKING pc=0x00000297c385a95e sp=0x000000ba52afd860 mode 0
Event: 3.720 Thread 0x00000297b8f9e000 DEOPT PACKING pc=0x00000297c435f530 sp=0x000000ba52afe250
Event: 3.720 Thread 0x00000297b8f9e000 DEOPT UNPACKING pc=0x00000297c385a95e sp=0x000000ba52afd790 mode 0
Event: 3.723 Thread 0x00000297b8f9e000 DEOPT PACKING pc=0x00000297c435f530 sp=0x000000ba52afe250
Event: 3.723 Thread 0x00000297b8f9e000 DEOPT UNPACKING pc=0x00000297c385a95e sp=0x000000ba52afd790 mode 0
Event: 3.736 Thread 0x00000297b8f9e000 DEOPT PACKING pc=0x00000297c435f530 sp=0x000000ba52afe230
Event: 3.736 Thread 0x00000297b8f9e000 DEOPT UNPACKING pc=0x00000297c385a95e sp=0x000000ba52afd770 mode 0
Event: 3.745 Thread 0x00000297b8f9e000 DEOPT PACKING pc=0x00000297c435f530 sp=0x000000ba52afe320
Event: 3.745 Thread 0x00000297b8f9e000 DEOPT UNPACKING pc=0x00000297c385a95e sp=0x000000ba52afd860 mode 0
Event: 3.746 Thread 0x00000297b8f9e000 DEOPT PACKING pc=0x00000297c435f530 sp=0x000000ba52afe250
Event: 3.746 Thread 0x00000297b8f9e000 DEOPT UNPACKING pc=0x00000297c385a95e sp=0x000000ba52afd790 mode 0

Classes redefined (0 events):
No events

Internal exceptions (20 events):
Event: 1.184 Thread 0x00000297b8f9e000 Exception <a 'sun/nio/fs/WindowsException'{0x00000000921d64a0}> (0x00000000921d64a0) thrown at [./src/hotspot/share/prims/jni.cpp, line 616]
Event: 1.184 Thread 0x00000297b8f9e000 Exception <a 'sun/nio/fs/WindowsException'{0x00000000921d6850}> (0x00000000921d6850) thrown at [./src/hotspot/share/prims/jni.cpp, line 616]
Event: 1.184 Thread 0x00000297b8f9e000 Exception <a 'sun/nio/fs/WindowsException'{0x00000000921d6fb8}> (0x00000000921d6fb8) thrown at [./src/hotspot/share/prims/jni.cpp, line 616]
Event: 1.185 Thread 0x00000297b8f9e000 Exception <a 'sun/nio/fs/WindowsException'{0x00000000921d7528}> (0x00000000921d7528) thrown at [./src/hotspot/share/prims/jni.cpp, line 616]
Event: 1.225 Thread 0x00000297b8f9e000 Exception <a 'java/lang/NoSuchMethodError'{0x0000000092054b58}: 'int java.lang.invoke.DirectMethodHandle$Holder.invokeSpecialIFC(java.lang.Object, java.lang.Object, int)'> (0x0000000092054b58) thrown at [./src/hotspot/share/interpreter/linkResolver.cpp, line 773]
Event: 1.339 Thread 0x00000297b8f9e000 Exception <a 'java/lang/NoSuchMethodError'{0x0000000091f7e908}: 'java.lang.Object java.lang.invoke.DirectMethodHandle$Holder.invokeStaticInit(java.lang.Object, int, int, int, int)'> (0x0000000091f7e908) thrown at [./src/hotspot/share/interpreter/linkResolver.cpp, line 773]
Event: 1.342 Thread 0x00000297b8f9e000 Exception <a 'sun/nio/fs/WindowsException'{0x0000000091f84f00}> (0x0000000091f84f00) thrown at [./src/hotspot/share/prims/jni.cpp, line 616]
Event: 1.355 Thread 0x00000297b8f9e000 Exception <a 'java/lang/NoSuchMethodError'{0x0000000091fa3b78}: 'int java.lang.invoke.DirectMethodHandle$Holder.invokeStaticInit(java.lang.Object, java.lang.Object, java.lang.Object, java.lang.Object)'> (0x0000000091fa3b78) thrown at [./src/hotspot/share/interpreter/linkResolver.cpp, line 773]
Event: 1.356 Thread 0x00000297b8f9e000 Exception <a 'java/lang/IncompatibleClassChangeError'{0x0000000091facde8}: Found class java.lang.Object, but interface was expected> (0x0000000091facde8) thrown at [./src/hotspot/share/interpreter/linkResolver.cpp, line 839]
Event: 1.356 Thread 0x00000297b8f9e000 Exception <a 'java/lang/NoSuchMethodError'{0x0000000091fafb98}: 'void java.lang.invoke.DirectMethodHandle$Holder.invokeStaticInit(java.lang.Object, java.lang.Object)'> (0x0000000091fafb98) thrown at [./src/hotspot/share/interpreter/linkResolver.cpp, line 773]
Event: 1.357 Thread 0x00000297b8f9e000 Exception <a 'java/lang/NoSuchMethodError'{0x0000000091fb4fa8}: 'int java.lang.invoke.DirectMethodHandle$Holder.invokeStaticInit(java.lang.Object, java.lang.Object)'> (0x0000000091fb4fa8) thrown at [./src/hotspot/share/interpreter/linkResolver.cpp, line 773]
Event: 1.827 Thread 0x00000297b8f9e000 Exception <a 'java/lang/NoSuchMethodError'{0x0000000092f46750}: 'java.lang.Object java.lang.invoke.DirectMethodHandle$Holder.invokeStaticInit(java.lang.Object, java.lang.Object, int, int, int, int)'> (0x0000000092f46750) thrown at [./src/hotspot/share/interpreter/linkResolver.cpp, line 773]
Event: 2.388 Thread 0x00000297b8f9e000 Exception <a 'java/lang/NullPointerException'{0x000000009302cfc8}> (0x000000009302cfc8) thrown at [./src/hotspot/share/interpreter/linkResolver.cpp, line 1440]
Event: 2.440 Thread 0x00000297b8f9e000 Implicit null exception at 0x00000297cb344478 to 0x00000297cb34450a
Event: 2.636 Thread 0x00000297b8f9e000 Exception <a 'java/lang/NoSuchMethodError'{0x0000000092497ce0}: 'int java.lang.invoke.DirectMethodHandle$Holder.invokeStatic(java.lang.Object, java.lang.Object, int, java.lang.Object)'> (0x0000000092497ce0) thrown at [./src/hotspot/share/interpreter/linkResolver.cpp, line 773]
Event: 2.637 Thread 0x00000297b8f9e000 Exception <a 'java/lang/NoSuchMethodError'{0x000000009249e850}: 'java.lang.Object java.lang.invoke.Invokers$Holder.linkToTargetMethod(java.lang.Object, int, java.lang.Object)'> (0x000000009249e850) thrown at [./src/hotspot/share/interpreter/linkResolver.cpp, line 773]
Event: 2.672 Thread 0x00000297b8f9e000 Exception <a 'sun/nio/fs/WindowsException'{0x00000000924fb928}> (0x00000000924fb928) thrown at [./src/hotspot/share/prims/jni.cpp, line 616]
Event: 2.673 Thread 0x00000297b8f9e000 Exception <a 'java/lang/NoSuchMethodError'{0x00000000924fc660}: 'int java.lang.invoke.DirectMethodHandle$Holder.invokeInterface(java.lang.Object, java.lang.Object)'> (0x00000000924fc660) thrown at [./src/hotspot/share/interpreter/linkResolver.cpp, line 773]
Event: 2.678 Thread 0x00000297b8f9e000 Exception <a 'java/lang/NoSuchMethodError'{0x0000000092306130}: 'void java.lang.invoke.DirectMethodHandle$Holder.invokeStatic(java.lang.Object, int, java.lang.Object)'> (0x0000000092306130) thrown at [./src/hotspot/share/interpreter/linkResolver.cpp, line 773]
Event: 2.688 Thread 0x00000297b8f9e000 Exception <a 'java/lang/NoSuchMethodError'{0x0000000092317d40}: 'java.lang.Object java.lang.invoke.Invokers$Holder.linkToTargetMethod(java.lang.Object, java.lang.Object, java.lang.Object, java.lang.Object, java.lang.Object, java.lang.Object)'> (0x0000000092317d40) thrown at [./src/hotspot/share/interpreter/linkResolver.cpp, line 773]

Events (20 events):
Event: 3.791 loading class com/android/sdklib/repository/generated/addon/v1/ExtraDetailsType
Event: 3.791 loading class com/android/sdklib/repository/generated/addon/v1/ExtraDetailsType done
Event: 3.791 loading class com/android/sdklib/repository/generated/addon/v1/AddonDetailsType
Event: 3.791 loading class com/android/sdklib/repository/generated/addon/v1/AddonDetailsType done
Event: 3.792 loading class com/android/sdklib/repository/generated/addon/v1/MavenType
Event: 3.792 loading class com/android/sdklib/repository/generated/addon/v1/MavenType done
Event: 3.793 loading class com/android/sdklib/repository/meta/DetailsTypes$MavenType
Event: 3.793 loading class com/android/sdklib/repository/meta/DetailsTypes$MavenType done
Event: 3.816 loading class com/android/sdklib/repository/generated/addon/v2/ExtraDetailsType
Event: 3.816 loading class com/android/sdklib/repository/generated/addon/v2/ExtraDetailsType done
Event: 3.816 loading class com/android/sdklib/repository/generated/addon/v2/AddonDetailsType
Event: 3.816 loading class com/android/sdklib/repository/generated/addon/v2/AddonDetailsType done
Event: 3.817 loading class com/android/sdklib/repository/generated/addon/v2/MavenType
Event: 3.817 loading class com/android/sdklib/repository/generated/addon/v2/MavenType done
Event: 3.840 loading class com/android/sdklib/repository/generated/addon/v3/ExtraDetailsType
Event: 3.840 loading class com/android/sdklib/repository/generated/addon/v3/ExtraDetailsType done
Event: 3.841 loading class com/android/sdklib/repository/generated/addon/v3/AddonDetailsType
Event: 3.841 loading class com/android/sdklib/repository/generated/addon/v3/AddonDetailsType done
Event: 3.841 loading class com/android/sdklib/repository/generated/addon/v3/MavenType
Event: 3.841 loading class com/android/sdklib/repository/generated/addon/v3/MavenType done


Dynamic libraries:
0x00007ff7a3760000 - 0x00007ff7a376d000 	C:\Program Files\Unity\Hub\Editor\2022.3.3f1\Editor\Data\PlaybackEngines\AndroidPlayer\OpenJDK\bin\java.exe
0x00007ffbfd0b0000 - 0x00007ffbfd2c7000 	C:\Windows\SYSTEM32\ntdll.dll
0x00007ffbfbdb0000 - 0x00007ffbfbe74000 	C:\Windows\System32\KERNEL32.DLL
0x00007ffbfa710000 - 0x00007ffbfaab6000 	C:\Windows\System32\KERNELBASE.dll
0x000000006f350000 - 0x000000006f681000 	C:\Program Files\Norton Security\NortonData\22.22.9.11\Definitions\IPSDefs\20230519.061\IPSEng64.dll
0x00007ffbfc080000 - 0x00007ffbfc133000 	C:\Windows\System32\ADVAPI32.dll
0x00007ffbfc200000 - 0x00007ffbfc2a7000 	C:\Windows\System32\msvcrt.dll
0x00007ffbfc150000 - 0x00007ffbfc1f8000 	C:\Windows\System32\sechost.dll
0x00007ffbfa660000 - 0x00007ffbfa688000 	C:\Windows\System32\bcrypt.dll
0x00007ffbfb300000 - 0x00007ffbfb417000 	C:\Windows\System32\RPCRT4.dll
0x00007ffbfb520000 - 0x00007ffbfb528000 	C:\Windows\System32\PSAPI.DLL
0x00007ffbfa540000 - 0x00007ffbfa651000 	C:\Windows\System32\ucrtbase.dll
0x00007ffbede80000 - 0x00007ffbede97000 	C:\Program Files\Unity\Hub\Editor\2022.3.3f1\Editor\Data\PlaybackEngines\AndroidPlayer\OpenJDK\bin\jli.dll
0x00007ffbedd20000 - 0x00007ffbedd35000 	C:\Program Files\Unity\Hub\Editor\2022.3.3f1\Editor\Data\PlaybackEngines\AndroidPlayer\OpenJDK\bin\VCRUNTIME140.dll
0x00007ffbfbed0000 - 0x00007ffbfc07e000 	C:\Windows\System32\USER32.dll
0x00007ffbe87f0000 - 0x00007ffbe8a83000 	C:\Windows\WinSxS\amd64_microsoft.windows.common-controls_6595b64144ccf1df_6.0.22621.2506_none_270c5ae97388e100\COMCTL32.dll
0x00007ffbfa510000 - 0x00007ffbfa536000 	C:\Windows\System32\win32u.dll
0x00007ffbfcf50000 - 0x00007ffbfcf79000 	C:\Windows\System32\GDI32.dll
0x00007ffbfa3f0000 - 0x00007ffbfa508000 	C:\Windows\System32\gdi32full.dll
0x00007ffbfab30000 - 0x00007ffbfabca000 	C:\Windows\System32\msvcp_win.dll
0x00007ffbfce90000 - 0x00007ffbfcec1000 	C:\Windows\System32\IMM32.DLL
0x00007ffbd3250000 - 0x00007ffbd32eb000 	C:\Program Files\Unity\Hub\Editor\2022.3.3f1\Editor\Data\PlaybackEngines\AndroidPlayer\OpenJDK\bin\msvcp140.dll
0x00007ffb9fd90000 - 0x00007ffba0911000 	C:\Program Files\Unity\Hub\Editor\2022.3.3f1\Editor\Data\PlaybackEngines\AndroidPlayer\OpenJDK\bin\server\jvm.dll
0x00007ffbf0f90000 - 0x00007ffbf0fc4000 	C:\Windows\SYSTEM32\WINMM.dll
0x00007ffbf29e0000 - 0x00007ffbf29ea000 	C:\Windows\SYSTEM32\VERSION.dll
0x00007ffbf5d20000 - 0x00007ffbf5d29000 	C:\Windows\SYSTEM32\WSOCK32.dll
0x00007ffbfcff0000 - 0x00007ffbfd061000 	C:\Windows\System32\WS2_32.dll
0x00007ffbf9420000 - 0x00007ffbf9438000 	C:\Windows\SYSTEM32\kernel.appcore.dll
0x00007ffbf1130000 - 0x00007ffbf1140000 	C:\Program Files\Unity\Hub\Editor\2022.3.3f1\Editor\Data\PlaybackEngines\AndroidPlayer\OpenJDK\bin\verify.dll
0x00007ffbec4c0000 - 0x00007ffbec6f3000 	C:\Windows\SYSTEM32\DBGHELP.DLL
0x00007ffbfc5f0000 - 0x00007ffbfc979000 	C:\Windows\System32\combase.dll
0x00007ffbfc2b0000 - 0x00007ffbfc387000 	C:\Windows\System32\OLEAUT32.dll
0x00007ffbe3130000 - 0x00007ffbe3162000 	C:\Windows\SYSTEM32\dbgcore.DLL
0x00007ffbfa690000 - 0x00007ffbfa70a000 	C:\Windows\System32\bcryptPrimitives.dll
0x00007ffbe8e10000 - 0x00007ffbe8e38000 	C:\Program Files\Unity\Hub\Editor\2022.3.3f1\Editor\Data\PlaybackEngines\AndroidPlayer\OpenJDK\bin\java.dll
0x00007ffbee720000 - 0x00007ffbee72a000 	C:\Program Files\Unity\Hub\Editor\2022.3.3f1\Editor\Data\PlaybackEngines\AndroidPlayer\OpenJDK\bin\jimage.dll
0x00007ffbedc10000 - 0x00007ffbedc28000 	C:\Program Files\Unity\Hub\Editor\2022.3.3f1\Editor\Data\PlaybackEngines\AndroidPlayer\OpenJDK\bin\zip.dll
0x00007ffbfb550000 - 0x00007ffbfbdaa000 	C:\Windows\System32\SHELL32.dll
0x00007ffbf8300000 - 0x00007ffbf8bf6000 	C:\Windows\SYSTEM32\windows.storage.dll
0x00007ffbf81c0000 - 0x00007ffbf82fe000 	C:\Windows\SYSTEM32\wintypes.dll
0x00007ffbfb420000 - 0x00007ffbfb513000 	C:\Windows\System32\SHCORE.dll
0x00007ffbfcef0000 - 0x00007ffbfcf4e000 	C:\Windows\System32\shlwapi.dll
0x00007ffbfa320000 - 0x00007ffbfa346000 	C:\Windows\SYSTEM32\profapi.dll
0x00007ffbedb30000 - 0x00007ffbedb49000 	C:\Program Files\Unity\Hub\Editor\2022.3.3f1\Editor\Data\PlaybackEngines\AndroidPlayer\OpenJDK\bin\net.dll
0x00007ffbf3e70000 - 0x00007ffbf3fa7000 	C:\Windows\SYSTEM32\WINHTTP.dll
0x00007ffbf9910000 - 0x00007ffbf9979000 	C:\Windows\system32\mswsock.dll
0x00007ffbe8df0000 - 0x00007ffbe8e03000 	C:\Program Files\Unity\Hub\Editor\2022.3.3f1\Editor\Data\PlaybackEngines\AndroidPlayer\OpenJDK\bin\nio.dll
0x00007ffbf1180000 - 0x00007ffbf118e000 	C:\Program Files\Unity\Hub\Editor\2022.3.3f1\Editor\Data\PlaybackEngines\AndroidPlayer\OpenJDK\bin\sunmscapi.dll
0x00007ffbfabd0000 - 0x00007ffbfad36000 	C:\Windows\System32\CRYPT32.dll
0x00007ffbf9da0000 - 0x00007ffbf9dce000 	C:\Windows\SYSTEM32\ncrypt.dll
0x00007ffbf9d60000 - 0x00007ffbf9d97000 	C:\Windows\SYSTEM32\NTASN1.dll
0x00007ffbdd190000 - 0x00007ffbdd1b5000 	C:\Program Files\Unity\Hub\Editor\2022.3.3f1\Editor\Data\PlaybackEngines\AndroidPlayer\OpenJDK\bin\sunec.dll
0x00007ffbf9b70000 - 0x00007ffbf9b8b000 	C:\Windows\SYSTEM32\CRYPTSP.dll
0x00007ffbf9380000 - 0x00007ffbf93b5000 	C:\Windows\system32\rsaenh.dll
0x00007ffbf9a00000 - 0x00007ffbf9a2c000 	C:\Windows\SYSTEM32\USERENV.dll
0x00007ffbf9b60000 - 0x00007ffbf9b6c000 	C:\Windows\SYSTEM32\CRYPTBASE.dll
0x00007ffbf8ea0000 - 0x00007ffbf8ecd000 	C:\Windows\SYSTEM32\IPHLPAPI.DLL
0x00007ffbfc5e0000 - 0x00007ffbfc5e9000 	C:\Windows\System32\NSI.dll
0x00007ffbf3e00000 - 0x00007ffbf3e19000 	C:\Windows\SYSTEM32\dhcpcsvc6.DLL
0x00007ffbf3a90000 - 0x00007ffbf3aaf000 	C:\Windows\SYSTEM32\dhcpcsvc.DLL
0x00007ffbf8f20000 - 0x00007ffbf9019000 	C:\Windows\SYSTEM32\DNSAPI.dll
0x00007ffbf3a80000 - 0x00007ffbf3a8a000 	C:\Windows\System32\rasadhlp.dll
0x00007ffbf0de0000 - 0x00007ffbf0e63000 	C:\Windows\System32\fwpuclnt.dll

dbghelp: loaded successfully - version: 4.0.5 - missing functions: none
symbol engine: initialized successfully - sym options: 0x614 - pdb path: .;C:\Program Files\Unity\Hub\Editor\2022.3.3f1\Editor\Data\PlaybackEngines\AndroidPlayer\OpenJDK\bin;C:\Windows\SYSTEM32;C:\Program Files\Norton Security\NortonData\22.22.9.11\Definitions\IPSDefs\20230519.061;C:\Windows\WinSxS\amd64_microsoft.windows.common-controls_6595b64144ccf1df_6.0.22621.2506_none_270c5ae97388e100;C:\Program Files\Unity\Hub\Editor\2022.3.3f1\Editor\Data\PlaybackEngines\AndroidPlayer\OpenJDK\bin\server

VM Arguments:
jvm_args: -Dfile.encoding=UTF-8 -Dcom.android.sdklib.toolsdir=C:\Program Files\Unity\Hub\Editor\2022.3.3f1\Editor\Data\PlaybackEngines\AndroidPlayer\SDK\cmdline-tools\6.0\bin\\.. 
java_command: com.android.sdklib.tool.sdkmanager.SdkManagerCli --list
java_class_path (initial): C:\Program Files\Unity\Hub\Editor\2022.3.3f1\Editor\Data\PlaybackEngines\AndroidPlayer\SDK\cmdline-tools\6.0\bin\..\lib\sdkmanager-classpath.jar
Launcher Type: SUN_STANDARD

[Global flags]
     intx CICompilerCount                          = 4                                         {product} {ergonomic}
     uint ConcGCThreads                            = 2                                         {product} {ergonomic}
     uint G1ConcRefinementThreads                  = 8                                         {product} {ergonomic}
   size_t G1HeapRegionSize                         = 1048576                                   {product} {ergonomic}
    uintx GCDrainStackTargetSize                   = 64                                        {product} {ergonomic}
   size_t InitialHeapSize                          = 121634816                                 {product} {ergonomic}
   size_t MarkStackSize                            = 4194304                                   {product} {ergonomic}
   size_t MaxHeapSize                              = 1944059904                                {product} {ergonomic}
   size_t MaxNewSize                               = 1166016512                                {product} {ergonomic}
   size_t MinHeapDeltaBytes                        = 1048576                                   {product} {ergonomic}
    uintx NonNMethodCodeHeapSize                   = 5836300                                {pd product} {ergonomic}
    uintx NonProfiledCodeHeapSize                  = 122910970                              {pd product} {ergonomic}
    uintx ProfiledCodeHeapSize                     = 122910970                              {pd product} {ergonomic}
    uintx ReservedCodeCacheSize                    = 251658240                              {pd product} {ergonomic}
     bool SegmentedCodeCache                       = true                                      {product} {ergonomic}
     bool UseCompressedClassPointers               = true                                 {lp64_product} {ergonomic}
     bool UseCompressedOops                        = true                                 {lp64_product} {ergonomic}
     bool UseG1GC                                  = true                                      {product} {ergonomic}
     bool UseLargePagesIndividualAllocation        = false                                  {pd product} {ergonomic}

Logging:
Log output configuration:
 #0: stdout all=warning uptime,level,tags
 #1: stderr all=off uptime,level,tags

Environment Variables:
JAVA_HOME=C:\Program Files\Unity\Hub\Editor\2022.3.3f1\Editor\Data\PlaybackEngines\AndroidPlayer\OpenJDK
JAVA_TOOL_OPTIONS=-Dfile.encoding=UTF-8
CLASSPATH=C:\Program Files\Unity\Hub\Editor\2022.3.3f1\Editor\Data\PlaybackEngines\AndroidPlayer\SDK\cmdline-tools\6.0\bin\..\lib\sdkmanager-classpath.jar
PATH=C:\Python311\Scripts\;C:\Python311\;C:\Program Files (x86)\Common Files\Oracle\Java\javapath;C:\Windows\system32;C:\Windows;C:\Windows\System32\Wbem;C:\Windows\System32\WindowsPowerShell\v1.0\;C:\Windows\System32\OpenSSH\;C:\Users\johnm\Downloads\jdk-19_windows-x64_bin\jdk-19.0.2\bin;C:\ProgramData\chocolatey\bin;C:\Program Files\nodejs\;C:\xampp\php;C:\composer;C:\Program Files\Git\cmd;C:\Users\johnm\AppData\Local\Microsoft\WindowsApps;C:\Users\johnm\AppData\Local\Programs\Microsoft VS Code\bin;C:\Users\johnm\AppData\Local\GitHubDesktop\bin;C:\Users\johnm\AppData\Roaming\npm;C:\Users\johnm\AppData\Roaming\Composer\vendor\bin;C:\src\flutter\bin;
USERNAME=johnm
OS=Windows_NT
PROCESSOR_IDENTIFIER=AMD64 Family 23 Model 160 Stepping 0, AuthenticAMD



---------------  S Y S T E M  ---------------

OS: Windows 11 , 64 bit Build 22621 (10.0.22621.2506)
OS uptime: 35 days 8:33 hours
Hyper-V role detected

CPU:total 8 (initial active 8) (8 cores per cpu, 2 threads per core) family 23 model 160 stepping 0 microcode 0x0, cmov, cx8, fxsr, mmx, sse, sse2, sse3, ssse3, sse4.1, sse4.2, popcnt, avx, avx2, aes, clmul, mmxext, 3dnowpref, lzcnt, sse4a, ht, tsc, tscinvbit, tscinv, bmi1, bmi2, adx, sha, fma

Memory: 4k page, system-wide physical 7413M (120M free)
TotalPageFile size 29941M (AvailPageFile size 14M)
current process WorkingSet (physical memory assigned to process): 139M, peak: 140M
current process commit charge ("private bytes"): 236M, peak: 236M

vm_info: OpenJDK 64-Bit Server VM (11.0.14.1+1) for windows-amd64 JRE (11.0.14.1+1), built on Feb  9 2022 01:48:27 by "" with unknown MS VC++:1916

END.
