#
# There is insufficient memory for the Java Runtime Environment to continue.
# Native memory allocation (mmap) failed to map 121634816 bytes for Failed to commit area from 0x000000008c200000 to 0x0000000093600000 of length 121634816.
# Possible reasons:
#   The system is out of physical RAM or swap space
#   The process is running with CompressedOops enabled, and the Java Heap may be blocking the growth of the native heap
# Possible solutions:
#   Reduce memory load on the system
#   Increase physical memory or swap space
#   Check if swap backing store is full
#   Decrease Java heap size (-Xmx/-Xms)
#   Decrease number of Java threads
#   Decrease Java thread stack sizes (-Xss)
#   Set larger code cache with -XX:ReservedCodeCacheSize=
# This output file may be truncated or incomplete.
#
#  Out of Memory Error (./src/hotspot/os/windows/os_windows.cpp:3387), pid=32736, tid=18308
#
# JRE version:  (11.0.14.1+1) (build )
# Java VM: OpenJDK 64-Bit Server VM (11.0.14.1+1, mixed mode, sharing, tiered, compressed oops, g1 gc, windows-amd64)
# No core dump will be written. Minidumps are not enabled by default on client versions of Windows
#

---------------  S U M M A R Y ------------

Command Line: -Dfile.encoding=UTF-8 

Host: AMD Ryzen 5 7520U with Radeon Graphics         , 8 cores, 7G,  Windows 11 , 64 bit Build 22621 (10.0.22621.2506)
Time: Fri Mar 15 08:35:13 2024 Malay Peninsula Standard Time elapsed time: 0.055107 seconds (0d 0h 0m 0s)

---------------  T H R E A D  ---------------

Current thread (0x0000028289fc5800):  JavaThread "Unknown thread" [_thread_in_vm, id=18308, stack(0x0000009495d00000,0x0000009495e00000)]

Stack: [0x0000009495d00000,0x0000009495e00000]
Native frames: (J=compiled Java code, j=interpreted, Vv=VM code, C=native code)
V  [jvm.dll+0x61e59a]
V  [jvm.dll+0x7aaca9]
V  [jvm.dll+0x7ac398]
V  [jvm.dll+0x7aca73]
V  [jvm.dll+0x24f9b8]
V  [jvm.dll+0x61b83a]
V  [jvm.dll+0x6100c5]
V  [jvm.dll+0x30772c]
V  [jvm.dll+0x3075b2]
V  [jvm.dll+0x30c2d6]
V  [jvm.dll+0x35272f]
V  [jvm.dll+0x352160]
V  [jvm.dll+0x2e4728]
V  [jvm.dll+0x2e5886]
V  [jvm.dll+0x784b07]
V  [jvm.dll+0x78628f]
V  [jvm.dll+0x35f479]
V  [jvm.dll+0x767aa0]
V  [jvm.dll+0x3ccf1f]
V  [jvm.dll+0x3cf2b1]
C  [jli.dll+0x5207]
C  [ucrtbase.dll+0x29363]
C  [KERNEL32.DLL+0x1257d]
C  [ntdll.dll+0x5aa58]


---------------  P R O C E S S  ---------------

Threads class SMR info:
_java_thread_list=0x0000028287ce8ec0, length=0, elements={
}

Java Threads: ( => current thread )

Other Threads:
  0x0000028289fe1800 GCTaskThread "GC Thread#0" [stack: 0x0000009495e00000,0x0000009495f00000] [id=52520]
  0x000002828a010800 ConcurrentGCThread "G1 Main Marker" [stack: 0x0000009495f00000,0x0000009496000000] [id=36368]
  0x000002828a012000 ConcurrentGCThread "G1 Conc#0" [stack: 0x0000009496000000,0x0000009496100000] [id=22280]

[error occurred during error reporting (printing all threads), id 0xc0000005, EXCEPTION_ACCESS_VIOLATION (0xc0000005) at pc=0x00007ffba0083ef7]

VM state:not at safepoint (not fully initialized)

VM Mutex/Monitor currently owned by a thread:  ([mutex/lock_event])
[0x0000028289fb6020] Heap_lock - owner thread: 0x0000028289fc5800

Heap address: 0x000000008c200000, size: 1854 MB, Compressed Oops mode: Non-zero based: 0x000000008c200000
Narrow klass base: 0x0000000000000000, Narrow klass shift: 0

GC Heap History (0 events):
No events

Deoptimization events (0 events):
No events

Classes redefined (0 events):
No events

Internal exceptions (0 events):
No events

Events (1 events):
Event: 0.032 Loaded shared library C:\Program Files\Unity\Hub\Editor\2022.3.3f1\Editor\Data\PlaybackEngines\AndroidPlayer\OpenJDK\bin\zip.dll


Dynamic libraries:
0x00007ff7a3760000 - 0x00007ff7a376d000 	C:\Program Files\Unity\Hub\Editor\2022.3.3f1\Editor\Data\PlaybackEngines\AndroidPlayer\OpenJDK\bin\java.exe
0x00007ffbfd0b0000 - 0x00007ffbfd2c7000 	C:\Windows\SYSTEM32\ntdll.dll
0x00007ffbfbdb0000 - 0x00007ffbfbe74000 	C:\Windows\System32\KERNEL32.DLL
0x00007ffbfa710000 - 0x00007ffbfaab6000 	C:\Windows\System32\KERNELBASE.dll
0x000000006f350000 - 0x000000006f681000 	C:\Program Files\Norton Security\NortonData\22.22.9.11\Definitions\IPSDefs\20230519.061\IPSEng64.dll
0x00007ffbfc080000 - 0x00007ffbfc133000 	C:\Windows\System32\ADVAPI32.dll
0x00007ffbfc200000 - 0x00007ffbfc2a7000 	C:\Windows\System32\msvcrt.dll
0x00007ffbfc150000 - 0x00007ffbfc1f8000 	C:\Windows\System32\sechost.dll
0x00007ffbfa660000 - 0x00007ffbfa688000 	C:\Windows\System32\bcrypt.dll
0x00007ffbfb300000 - 0x00007ffbfb417000 	C:\Windows\System32\RPCRT4.dll
0x00007ffbfb520000 - 0x00007ffbfb528000 	C:\Windows\System32\PSAPI.DLL
0x00007ffbfa540000 - 0x00007ffbfa651000 	C:\Windows\System32\ucrtbase.dll
0x00007ffbede80000 - 0x00007ffbede97000 	C:\Program Files\Unity\Hub\Editor\2022.3.3f1\Editor\Data\PlaybackEngines\AndroidPlayer\OpenJDK\bin\jli.dll
0x00007ffbfbed0000 - 0x00007ffbfc07e000 	C:\Windows\System32\USER32.dll
0x00007ffbfa510000 - 0x00007ffbfa536000 	C:\Windows\System32\win32u.dll
0x00007ffbe87f0000 - 0x00007ffbe8a83000 	C:\Windows\WinSxS\amd64_microsoft.windows.common-controls_6595b64144ccf1df_6.0.22621.2506_none_270c5ae97388e100\COMCTL32.dll
0x00007ffbedd20000 - 0x00007ffbedd35000 	C:\Program Files\Unity\Hub\Editor\2022.3.3f1\Editor\Data\PlaybackEngines\AndroidPlayer\OpenJDK\bin\VCRUNTIME140.dll
0x00007ffbfcf50000 - 0x00007ffbfcf79000 	C:\Windows\System32\GDI32.dll
0x00007ffbfa3f0000 - 0x00007ffbfa508000 	C:\Windows\System32\gdi32full.dll
0x00007ffbfab30000 - 0x00007ffbfabca000 	C:\Windows\System32\msvcp_win.dll
0x00007ffbfce90000 - 0x00007ffbfcec1000 	C:\Windows\System32\IMM32.DLL
0x00007ffbd3250000 - 0x00007ffbd32eb000 	C:\Program Files\Unity\Hub\Editor\2022.3.3f1\Editor\Data\PlaybackEngines\AndroidPlayer\OpenJDK\bin\msvcp140.dll
0x00007ffb9fd90000 - 0x00007ffba0911000 	C:\Program Files\Unity\Hub\Editor\2022.3.3f1\Editor\Data\PlaybackEngines\AndroidPlayer\OpenJDK\bin\server\jvm.dll
0x00007ffbf0f90000 - 0x00007ffbf0fc4000 	C:\Windows\SYSTEM32\WINMM.dll
0x00007ffbf29e0000 - 0x00007ffbf29ea000 	C:\Windows\SYSTEM32\VERSION.dll
0x00007ffbf5d20000 - 0x00007ffbf5d29000 	C:\Windows\SYSTEM32\WSOCK32.dll
0x00007ffbfcff0000 - 0x00007ffbfd061000 	C:\Windows\System32\WS2_32.dll
0x00007ffbf9420000 - 0x00007ffbf9438000 	C:\Windows\SYSTEM32\kernel.appcore.dll
0x00007ffbf1130000 - 0x00007ffbf1140000 	C:\Program Files\Unity\Hub\Editor\2022.3.3f1\Editor\Data\PlaybackEngines\AndroidPlayer\OpenJDK\bin\verify.dll
0x00007ffbec4c0000 - 0x00007ffbec6f3000 	C:\Windows\SYSTEM32\DBGHELP.DLL
0x00007ffbfc5f0000 - 0x00007ffbfc979000 	C:\Windows\System32\combase.dll
0x00007ffbfc2b0000 - 0x00007ffbfc387000 	C:\Windows\System32\OLEAUT32.dll
0x00007ffbe3130000 - 0x00007ffbe3162000 	C:\Windows\SYSTEM32\dbgcore.DLL
0x00007ffbfa690000 - 0x00007ffbfa70a000 	C:\Windows\System32\bcryptPrimitives.dll
0x00007ffbe8e10000 - 0x00007ffbe8e38000 	C:\Program Files\Unity\Hub\Editor\2022.3.3f1\Editor\Data\PlaybackEngines\AndroidPlayer\OpenJDK\bin\java.dll
0x00007ffbee720000 - 0x00007ffbee72a000 	C:\Program Files\Unity\Hub\Editor\2022.3.3f1\Editor\Data\PlaybackEngines\AndroidPlayer\OpenJDK\bin\jimage.dll
0x00007ffbedc10000 - 0x00007ffbedc28000 	C:\Program Files\Unity\Hub\Editor\2022.3.3f1\Editor\Data\PlaybackEngines\AndroidPlayer\OpenJDK\bin\zip.dll

dbghelp: loaded successfully - version: 4.0.5 - missing functions: none
symbol engine: initialized successfully - sym options: 0x614 - pdb path: .;C:\Program Files\Unity\Hub\Editor\2022.3.3f1\Editor\Data\PlaybackEngines\AndroidPlayer\OpenJDK\bin;C:\Windows\SYSTEM32;C:\Program Files\Norton Security\NortonData\22.22.9.11\Definitions\IPSDefs\20230519.061;C:\Windows\WinSxS\amd64_microsoft.windows.common-controls_6595b64144ccf1df_6.0.22621.2506_none_270c5ae97388e100;C:\Program Files\Unity\Hub\Editor\2022.3.3f1\Editor\Data\PlaybackEngines\AndroidPlayer\OpenJDK\bin\server

VM Arguments:
jvm_args: -Dfile.encoding=UTF-8 
java_command: <unknown>
java_class_path (initial): <not set>
Launcher Type: SUN_STANDARD

[Global flags]
     intx CICompilerCount                          = 4                                         {product} {ergonomic}
     uint ConcGCThreads                            = 2                                         {product} {ergonomic}
     uint G1ConcRefinementThreads                  = 8                                         {product} {ergonomic}
   size_t G1HeapRegionSize                         = 1048576                                   {product} {ergonomic}
    uintx GCDrainStackTargetSize                   = 64                                        {product} {ergonomic}
   size_t InitialHeapSize                          = 121634816                                 {product} {ergonomic}
   size_t MarkStackSize                            = 4194304                                   {product} {ergonomic}
   size_t MaxHeapSize                              = 1944059904                                {product} {ergonomic}
   size_t MinHeapDeltaBytes                        = 1048576                                   {product} {ergonomic}
    uintx NonNMethodCodeHeapSize                   = 5836300                                {pd product} {ergonomic}
    uintx NonProfiledCodeHeapSize                  = 122910970                              {pd product} {ergonomic}
    uintx ProfiledCodeHeapSize                     = 122910970                              {pd product} {ergonomic}
    uintx ReservedCodeCacheSize                    = 251658240                              {pd product} {ergonomic}
     bool SegmentedCodeCache                       = true                                      {product} {ergonomic}
     bool UseCompressedClassPointers               = true                                 {lp64_product} {ergonomic}
     bool UseCompressedOops                        = true                                 {lp64_product} {ergonomic}
     bool UseG1GC                                  = true                                      {product} {ergonomic}
     bool UseLargePagesIndividualAllocation        = false                                  {pd product} {ergonomic}

Logging:
Log output configuration:
 #0: stdout all=warning uptime,level,tags
 #1: stderr all=off uptime,level,tags

Environment Variables:
JAVA_HOME=C:\Program Files\Unity\Hub\Editor\2022.3.3f1\Editor\Data\PlaybackEngines\AndroidPlayer\OpenJDK
JAVA_TOOL_OPTIONS=-Dfile.encoding=UTF-8
PATH=C:\Python311\Scripts\;C:\Python311\;C:\Program Files (x86)\Common Files\Oracle\Java\javapath;C:\Windows\system32;C:\Windows;C:\Windows\System32\Wbem;C:\Windows\System32\WindowsPowerShell\v1.0\;C:\Windows\System32\OpenSSH\;C:\Users\johnm\Downloads\jdk-19_windows-x64_bin\jdk-19.0.2\bin;C:\ProgramData\chocolatey\bin;C:\Program Files\nodejs\;C:\xampp\php;C:\composer;C:\Program Files\Git\cmd;C:\Users\johnm\AppData\Local\Microsoft\WindowsApps;C:\Users\johnm\AppData\Local\Programs\Microsoft VS Code\bin;C:\Users\johnm\AppData\Local\GitHubDesktop\bin;C:\Users\johnm\AppData\Roaming\npm;C:\Users\johnm\AppData\Roaming\Composer\vendor\bin;C:\src\flutter\bin;
USERNAME=johnm
OS=Windows_NT
PROCESSOR_IDENTIFIER=AMD64 Family 23 Model 160 Stepping 0, AuthenticAMD



---------------  S Y S T E M  ---------------

OS: Windows 11 , 64 bit Build 22621 (10.0.22621.2506)
OS uptime: 35 days 9:19 hours
Hyper-V role detected

CPU:total 8 (initial active 8) (8 cores per cpu, 2 threads per core) family 23 model 160 stepping 0 microcode 0x0, cmov, cx8, fxsr, mmx, sse, sse2, sse3, ssse3, sse4.1, sse4.2, popcnt, avx, avx2, aes, clmul, mmxext, 3dnowpref, lzcnt, sse4a, ht, tsc, tscinvbit, tscinv, bmi1, bmi2, adx, sha, fma

Memory: 4k page, system-wide physical 7413M (214M free)
TotalPageFile size 29941M (AvailPageFile size 97M)
current process WorkingSet (physical memory assigned to process): 11M, peak: 11M
current process commit charge ("private bytes"): 61M, peak: 176M

vm_info: OpenJDK 64-Bit Server VM (11.0.14.1+1) for windows-amd64 JRE (11.0.14.1+1), built on Feb  9 2022 01:48:27 by "" with unknown MS VC++:1916

END.
